2026-03-19 16:16:06,272 - train.py[line:126] - INFO: set seed 12345
2026-03-19 16:16:06,289 - train.py[line:166] - INFO: val dataset len:746
2026-03-19 16:16:09,374 - train.py[line:174] - INFO: config: 
{   'abs_dir': '/mnt/e/train_sam2/Deformerv2 dataset/DFormer-main',
    'aux_rate': 0.0,
    'backbone': 'DFormerv2_S',
    'background': 255,
    'batch_size': 4,
    'bn_eps': 0.001,
    'bn_momentum': 0.1,
    'checkpoint_dir': '/mnt/e/train_sam2/Deformerv2 '
                      'dataset/DFormer-main/checkpoints/ACOD-12K_DFormerv2_S_20260319-161606/checkpoint',
    'checkpoint_start_epoch': 250,
    'checkpoint_step': 25,
    'class_names': ['background', 'crop'],
    'dataset_name': 'ACOD-12K',
    'dataset_path': '/mnt/e/train_sam2/Deformerv2 dataset/ACOD-12K',
    'decoder': 'ham',
    'decoder_embed_dim': 512,
    'drop_path_rate': 0.1,
    'eval_crop_size': [480, 640],
    'eval_flip': True,
    'eval_iter': 25,
    'eval_scale_array': [1],
    'eval_source': '/mnt/e/train_sam2/Deformerv2 dataset/ACOD-12K/test.txt',
    'eval_stride_rate': 0.6666666666666666,
    'fix_bias': True,
    'gt_format': '.png',
    'gt_root_folder': '/mnt/e/train_sam2/Deformerv2 dataset/ACOD-12K/Label',
    'gt_transform': True,
    'image_height': 480,
    'image_width': 640,
    'is_test': True,
    'log_dir': '/mnt/e/train_sam2/Deformerv2 '
               'dataset/DFormer-main/checkpoints/ACOD-12K_DFormerv2_S_20260319-161606',
    'log_dir_link': '/mnt/e/train_sam2/Deformerv2 '
                    'dataset/DFormer-main/checkpoints/ACOD-12K_DFormerv2_S_20260319-161606',
    'log_file': '/mnt/e/train_sam2/Deformerv2 '
                'dataset/DFormer-main/checkpoints/ACOD-12K_DFormerv2_S_20260319-161606/log_2026_03_19_16_16_06.log',
    'lr': 6e-05,
    'lr_power': 0.9,
    'momentum': 0.9,
    'nepochs': 500,
    'niters_per_epoch': 1151,
    'norm_mean': array([0.485, 0.456, 0.406]),
    'norm_std': array([0.229, 0.224, 0.225]),
    'num_classes': 2,
    'num_eval_imgs': 1492,
    'num_train_imgs': 4600,
    'num_workers': 4,
    'optimizer': 'AdamW',
    'pad': False,
    'pretrained_model': None,
    'rgb_format': '.png',
    'rgb_root_folder': '/mnt/e/train_sam2/Deformerv2 dataset/ACOD-12K/RGB',
    'root_dir': '/mnt/e/train_sam2/Deformerv2 dataset',
    'seed': 12345,
    'tb_dir': '/mnt/e/train_sam2/Deformerv2 '
              'dataset/DFormer-main/checkpoints/ACOD-12K_DFormerv2_S_20260319-161606/tb',
    'train_scale_array': [0.5, 0.75, 1, 1.25, 1.5, 1.75],
    'train_source': '/mnt/e/train_sam2/Deformerv2 dataset/ACOD-12K/train.txt',
    'warm_up_epoch': 10,
    'weight_decay': 0.01,
    'x_format': '.png',
    'x_is_single_channel': True,
    'x_root_folder': '/mnt/e/train_sam2/Deformerv2 dataset/ACOD-12K/Depth'}
2026-03-19 16:16:09,375 - train.py[line:176] - INFO: args parsed:
2026-03-19 16:16:09,375 - train.py[line:178] - INFO: config: local_configs.ACOD12K.DFormerv2_S_ACOD_local
2026-03-19 16:16:09,376 - train.py[line:178] - INFO: gpus: 2
2026-03-19 16:16:09,377 - train.py[line:178] - INFO: verbose: False
2026-03-19 16:16:09,377 - train.py[line:178] - INFO: epochs: 0
2026-03-19 16:16:09,378 - train.py[line:178] - INFO: show_image: False
2026-03-19 16:16:09,379 - train.py[line:178] - INFO: save_path: None
2026-03-19 16:16:09,379 - train.py[line:178] - INFO: checkpoint_dir: None
2026-03-19 16:16:09,380 - train.py[line:178] - INFO: continue_fpath: None
2026-03-19 16:16:09,381 - train.py[line:178] - INFO: sliding: False
2026-03-19 16:16:09,381 - train.py[line:178] - INFO: compile: False
2026-03-19 16:16:09,382 - train.py[line:178] - INFO: compile_mode: default
2026-03-19 16:16:09,383 - train.py[line:178] - INFO: syncbn: True
2026-03-19 16:16:09,383 - train.py[line:178] - INFO: mst: True
2026-03-19 16:16:09,384 - train.py[line:178] - INFO: amp: True
2026-03-19 16:16:09,385 - train.py[line:178] - INFO: val_amp: True
2026-03-19 16:16:09,385 - train.py[line:178] - INFO: pad_SUNRGBD: False
2026-03-19 16:16:09,386 - train.py[line:178] - INFO: use_seed: True
2026-03-19 16:16:09,386 - train.py[line:178] - INFO: local_rank: 0
2026-03-19 16:16:09,387 - train.py[line:178] - INFO: devices: 
2026-03-19 16:16:09,388 - train.py[line:178] - INFO: port: 16005
2026-03-19 16:16:09,388 - train.py[line:184] - INFO: using syncbn
2026-03-19 16:16:12,556 - builder.py[line:128] - INFO: Using Ham Decoder
2026-03-19 16:16:13,757 - builder.py[line:204] - INFO: Initing weights ...
2026-03-19 16:16:14,250 - train.py[line:254] - INFO: begin trainning:
2026-03-19 16:16:14,362 - engine.py[line:188] - WARNING: A exception occurred during Engine initialization, give up running process
